<?xml version="1.0" encoding="utf-8"?><testsuites name="pytest tests"><testsuite name="pytest" errors="0" failures="0" skipped="0" tests="19" time="4.234" timestamp="2026-02-09T19:45:13.655187+00:00" hostname="agent-env-21712f96-45fd-471c-9271-b30a8d4824d5"><testcase classname="tests.test_warehouse_modules.TestSetup" name="test_api_health" time="0.142" /><testcase classname="tests.test_warehouse_modules.TestAuthentication" name="test_admin_login" time="0.334" /><testcase classname="tests.test_warehouse_modules.TestWarehousesCRUD" name="test_list_warehouses" time="0.381" /><testcase classname="tests.test_warehouse_modules.TestWarehousesCRUD" name="test_create_warehouse" time="0.065" /><testcase classname="tests.test_warehouse_modules.TestWarehousesCRUD" name="test_create_warehouse_and_verify_persistence" time="0.128" /><testcase classname="tests.test_warehouse_modules.TestWarehousesCRUD" name="test_update_warehouse" time="0.093" /><testcase classname="tests.test_warehouse_modules.TestWarehousesCRUD" name="test_delete_warehouse" time="0.146" /><testcase classname="tests.test_warehouse_modules.TestSuppliersCRUD" name="test_list_suppliers" time="0.321" /><testcase classname="tests.test_warehouse_modules.TestSuppliersCRUD" name="test_create_supplier" time="0.058" /><testcase classname="tests.test_warehouse_modules.TestSuppliersCRUD" name="test_create_supplier_and_verify_persistence" time="0.087" /><testcase classname="tests.test_warehouse_modules.TestSuppliersCRUD" name="test_update_supplier" time="0.140" /><testcase classname="tests.test_warehouse_modules.TestSuppliersCRUD" name="test_delete_supplier" time="0.157" /><testcase classname="tests.test_warehouse_modules.TestPurchasesCRUD" name="test_list_purchases" time="0.383" /><testcase classname="tests.test_warehouse_modules.TestPurchasesCRUD" name="test_create_purchase_order" time="0.211" /><testcase classname="tests.test_warehouse_modules.TestPurchasesCRUD" name="test_create_purchase_and_verify_persistence" time="0.102" /><testcase classname="tests.test_warehouse_modules.TestPurchasesCRUD" name="test_receive_purchase_and_verify_stock_update" time="0.205" /><testcase classname="tests.test_warehouse_modules.TestPurchasesCRUD" name="test_cannot_receive_already_received_purchase" time="0.195" /><testcase classname="tests.test_warehouse_modules.TestCleanup" name="test_cleanup_test_warehouses" time="0.486" /><testcase classname="tests.test_warehouse_modules.TestCleanup" name="test_cleanup_test_suppliers" time="0.292" /></testsuite></testsuites>